# JRE version: OpenJDK Runtime Environment (21.0.7) (build 21.0.7+-13880790-b1038.58)
# Java VM: OpenJDK 64-Bit Server VM (21.0.7+-13880790-b1038.58, mixed mode, tiered, compressed oops, compressed class ptrs, g1 gc, windows-amd64)
GC Precious Log:
 CardTable entry size: 512
 Card Set container configuration: InlinePtr #cards 5 size 8 Array Of Cards #cards 12 size 40 Howl #buckets 4 coarsen threshold 1843 Howl Bitmap #cards 512 size 80 coarsen threshold 460 Card regions per heap region 1 cards per card region 2048
 CPUs: 12 total, 12 available
 Memory: 7599M
 Large Page Support: Disabled
 NUMA Support: Disabled
 Compressed Oops: Enabled (32-bit)
 Heap Region Size: 1M
 Heap Min Capacity: 8M
 Heap Initial Capacity: 120M
 Heap Max Capacity: 1536M
 Pre-touch: Disabled
 Parallel Workers: 10
 Concurrent Workers: 3
 Concurrent Refinement Workers: 10
 Periodic GC: Disabled
Heap:
 garbage-first heap   total 100352K, used 67105K [0x00000000a0000000, 0x0000000100000000)
  region size 1024K, 19 young (19456K), 4 survivors (4096K)
 Metaspace       used 71717K, committed 73472K, reserved 491520K
  class space    used 9879K, committed 10752K, reserved 425984K
GC Heap History (20 events):
Event: 6.541 GC heap before
{Heap before GC invocations=10 (full 0):
 garbage-first heap   total 77824K, used 70198K [0x00000000a0000000, 0x0000000100000000)
  region size 1024K, 41 young (41984K), 6 survivors (6144K)
 Metaspace       used 46075K, committed 46976K, reserved 491520K
  class space    used 6091K, committed 6528K, reserved 425984K
}
Event: 6.548 GC heap after
{Heap after GC invocations=11 (full 0):
 garbage-first heap   total 82944K, used 33685K [0x00000000a0000000, 0x0000000100000000)
  region size 1024K, 4 young (4096K), 4 survivors (4096K)
 Metaspace       used 46075K, committed 46976K, reserved 491520K
  class space    used 6091K, committed 6528K, reserved 425984K
}
Event: 7.055 GC heap before
{Heap before GC invocations=11 (full 0):
 garbage-first heap   total 82944K, used 70549K [0x00000000a0000000, 0x0000000100000000)
  region size 1024K, 40 young (40960K), 4 survivors (4096K)
 Metaspace       used 50476K, committed 51840K, reserved 491520K
  class space    used 6836K, committed 7488K, reserved 425984K
}
Event: 7.061 GC heap after
{Heap after GC invocations=12 (full 0):
 garbage-first heap   total 82944K, used 35777K [0x00000000a0000000, 0x0000000100000000)
  region size 1024K, 3 young (3072K), 3 survivors (3072K)
 Metaspace       used 50476K, committed 51840K, reserved 491520K
  class space    used 6836K, committed 7488K, reserved 425984K
}
Event: 7.681 GC heap before
{Heap before GC invocations=12 (full 0):
 garbage-first heap   total 82944K, used 72641K [0x00000000a0000000, 0x0000000100000000)
  region size 1024K, 39 young (39936K), 3 survivors (3072K)
 Metaspace       used 54997K, committed 56448K, reserved 491520K
  class space    used 7603K, committed 8320K, reserved 425984K
}
Event: 7.687 GC heap after
{Heap after GC invocations=13 (full 0):
 garbage-first heap   total 100352K, used 38348K [0x00000000a0000000, 0x0000000100000000)
  region size 1024K, 5 young (5120K), 5 survivors (5120K)
 Metaspace       used 54997K, committed 56448K, reserved 491520K
  class space    used 7603K, committed 8320K, reserved 425984K
}
Event: 8.439 GC heap before
{Heap before GC invocations=13 (full 0):
 garbage-first heap   total 100352K, used 89548K [0x00000000a0000000, 0x0000000100000000)
  region size 1024K, 54 young (55296K), 5 survivors (5120K)
 Metaspace       used 58188K, committed 59712K, reserved 491520K
  class space    used 7960K, committed 8704K, reserved 425984K
}
Event: 8.446 GC heap after
{Heap after GC invocations=14 (full 0):
 garbage-first heap   total 100352K, used 42360K [0x00000000a0000000, 0x0000000100000000)
  region size 1024K, 7 young (7168K), 7 survivors (7168K)
 Metaspace       used 58188K, committed 59712K, reserved 491520K
  class space    used 7960K, committed 8704K, reserved 425984K
}
Event: 8.487 GC heap before
{Heap before GC invocations=14 (full 0):
 garbage-first heap   total 100352K, used 45432K [0x00000000a0000000, 0x0000000100000000)
  region size 1024K, 11 young (11264K), 7 survivors (7168K)
 Metaspace       used 58637K, committed 60160K, reserved 491520K
  class space    used 8021K, committed 8768K, reserved 425984K
}
Event: 8.493 GC heap after
{Heap after GC invocations=15 (full 0):
 garbage-first heap   total 100352K, used 43008K [0x00000000a0000000, 0x0000000100000000)
  region size 1024K, 1 young (1024K), 1 survivors (1024K)
 Metaspace       used 58637K, committed 60160K, reserved 491520K
  class space    used 8021K, committed 8768K, reserved 425984K
}
Event: 9.695 GC heap before
{Heap before GC invocations=16 (full 0):
 garbage-first heap   total 100352K, used 90112K [0x00000000a0000000, 0x0000000100000000)
  region size 1024K, 47 young (48128K), 1 survivors (1024K)
 Metaspace       used 65258K, committed 66944K, reserved 491520K
  class space    used 9001K, committed 9792K, reserved 425984K
}
Event: 9.700 GC heap after
{Heap after GC invocations=17 (full 0):
 garbage-first heap   total 100352K, used 44788K [0x00000000a0000000, 0x0000000100000000)
  region size 1024K, 3 young (3072K), 3 survivors (3072K)
 Metaspace       used 65258K, committed 66944K, reserved 491520K
  class space    used 9001K, committed 9792K, reserved 425984K
}
Event: 10.958 GC heap before
{Heap before GC invocations=17 (full 0):
 garbage-first heap   total 100352K, used 90868K [0x00000000a0000000, 0x0000000100000000)
  region size 1024K, 48 young (49152K), 3 survivors (3072K)
 Metaspace       used 70623K, committed 72384K, reserved 491520K
  class space    used 9841K, committed 10688K, reserved 425984K
}
Event: 10.965 GC heap after
{Heap after GC invocations=18 (full 0):
 garbage-first heap   total 100352K, used 47414K [0x00000000a0000000, 0x0000000100000000)
  region size 1024K, 6 young (6144K), 6 survivors (6144K)
 Metaspace       used 70623K, committed 72384K, reserved 491520K
  class space    used 9841K, committed 10688K, reserved 425984K
}
Event: 11.556 GC heap before
{Heap before GC invocations=18 (full 0):
 garbage-first heap   total 100352K, used 86326K [0x00000000a0000000, 0x0000000100000000)
  region size 1024K, 45 young (46080K), 6 survivors (6144K)
 Metaspace       used 71346K, committed 73088K, reserved 491520K
  class space    used 9878K, committed 10752K, reserved 425984K
}
Event: 11.564 GC heap after
{Heap after GC invocations=19 (full 0):
 garbage-first heap   total 100352K, used 51223K [0x00000000a0000000, 0x0000000100000000)
  region size 1024K, 6 young (6144K), 6 survivors (6144K)
 Metaspace       used 71346K, committed 73088K, reserved 491520K
  class space    used 9878K, committed 10752K, reserved 425984K
}
Event: 11.843 GC heap before
{Heap before GC invocations=19 (full 0):
 garbage-first heap   total 100352K, used 86039K [0x00000000a0000000, 0x0000000100000000)
  region size 1024K, 41 young (41984K), 6 survivors (6144K)
 Metaspace       used 71595K, committed 73408K, reserved 491520K
  class space    used 9879K, committed 10752K, reserved 425984K
}
Event: 11.852 GC heap after
{Heap after GC invocations=20 (full 0):
 garbage-first heap   total 100352K, used 53817K [0x00000000a0000000, 0x0000000100000000)
  region size 1024K, 4 young (4096K), 4 survivors (4096K)
 Metaspace       used 71595K, committed 73408K, reserved 491520K
  class space    used 9879K, committed 10752K, reserved 425984K
}
Event: 12.210 GC heap before
{Heap before GC invocations=21 (full 0):
 garbage-first heap   total 100352K, used 87609K [0x00000000a0000000, 0x0000000100000000)
  region size 1024K, 38 young (38912K), 4 survivors (4096K)
 Metaspace       used 71708K, committed 73472K, reserved 491520K
  class space    used 9879K, committed 10752K, reserved 425984K
}
Event: 12.214 GC heap after
{Heap after GC invocations=22 (full 0):
 garbage-first heap   total 100352K, used 54589K [0x00000000a0000000, 0x0000000100000000)
  region size 1024K, 4 young (4096K), 4 survivors (4096K)
 Metaspace       used 71708K, committed 73472K, reserved 491520K
  class space    used 9879K, committed 10752K, reserved 425984K
}

